\BOOKMARK [1][-]{section.1}{\376\377\006\052\006\072\006\314\006\314\006\061\006\047\006\052\000\040\006\257\006\061\006\047\006\105\006\061\006\314}{}% 1
\BOOKMARK [1][-]{section.2}{\376\377\006\057\006\314\006\052\006\047\040\014\006\052\006\047\006\314\006\176\040\014\006\107\006\047}{}% 2
\BOOKMARK [2][-]{subsection.2.1}{\376\377\006\057\006\314\006\052\006\047\006\052\006\047\006\314\006\176\040\014\006\107\006\047\006\314\000\040\006\047\006\065\006\104\006\314}{section.2}% 3
\BOOKMARK [2][-]{subsection.2.2}{\376\377\006\057\006\314\006\052\006\047\040\014\006\052\006\047\006\314\006\176\040\014\006\107\006\047\006\314\000\040\006\101\006\061\006\071\006\314}{section.2}% 4
\BOOKMARK [1][-]{section.3}{\376\377\006\052\006\063\006\052\040\014\006\050\006\106\006\206\040\014\006\107\006\047}{}% 5
\BOOKMARK [2][-]{subsection.3.1}{\376\377\006\052\006\063\006\052\040\014\006\107\006\047\006\314\000\040\006\063\006\047\006\057\006\107}{section.3}% 6
\BOOKMARK [2][-]{subsection.3.2}{\376\377\006\052\006\063\006\052\040\014\006\107\006\047\006\314\000\040\006\063\006\056\006\052}{section.3}% 7
\BOOKMARK [2][-]{subsection.3.3}{\376\377\006\052\006\063\006\052\040\014\006\107\006\047\006\314\000\040\006\047\006\061\006\110\006\061\000\040\006\107\006\106\006\057\006\104\006\314\006\106\006\257\000:}{section.3}% 8
\BOOKMARK [2][-]{subsection.3.4}{\376\377\006\052\006\063\006\052\040\014\006\107\006\047\006\314\000\040\006\052\006\047\006\314\006\176\040\014\006\206\006\251\006\061}{section.3}% 9
\BOOKMARK [2][-]{subsection.3.5}{\376\377\006\106\006\055\006\110\006\107\000\040\006\106\006\105\006\047\006\314\006\064\000\040\006\106\006\052\006\047\006\314\006\054\000\040\006\052\006\063\006\052\040\014\006\050\006\106\006\206\040\014\006\107\006\047}{section.3}% 10
\BOOKMARK [1][-]{section.4}{\376\377\006\105\006\055\006\314\006\067\040\014\000\040\006\047\006\054\006\061\006\047\000\050\000e\000n\000v\000i\000r\000o\000n\000m\000e\000n\000t\000\051}{}% 11
\BOOKMARK [2][-]{subsection.4.1}{\376\377\000v\000a\000r\000i\000a\000b\000l\000e\000\040\000m\000a\000n\000a\000g\000e\000m\000e\000n\000t}{section.4}% 12
\BOOKMARK [2][-]{subsection.4.2}{\376\377\000f\000u\000n\000c\000t\000i\000o\000n\000\040\000h\000a\000n\000d\000l\000i\000n\000g}{section.4}% 13
\BOOKMARK [2][-]{subsection.4.3}{\376\377\000L\000a\000z\000y\000\040\000E\000v\000a\000l\000u\000t\000a\000t\000i\000o\000n}{section.4}% 14
\BOOKMARK [2][-]{subsection.4.4}{\376\377\000M\000e\000m\000o\000r\000y\000\040\000M\000a\000n\000a\000g\000e\000m\000e\000n\000t}{section.4}% 15
\BOOKMARK [1][-]{section.5}{\376\377\006\047\006\061\006\062\006\314\006\047\006\050\006\314\000\040\006\071\006\050\006\047\006\061\006\047\006\052}{}% 16
\BOOKMARK [2][-]{subsection.5.1}{\376\377\006\052\006\110\006\047\006\050\006\071\000\040\006\105\006\107\006\105\000\040\006\057\006\061\000\040\006\176\006\314\006\047\006\057\006\107\040\014\006\063\006\047\006\062\006\314\000\040\006\047\006\314\006\106\006\052\006\061\006\176\006\061\006\052\006\061}{section.5}% 17
\BOOKMARK [2][-]{subsection.5.2}{\376\377\006\071\006\050\006\047\006\061\006\047\006\052\000\040\006\176\006\047\006\314\006\107}{section.5}% 18
\BOOKMARK [2][-]{subsection.5.3}{\376\377\006\063\006\047\006\056\006\052\006\047\006\061\000\040\006\251\006\106\006\052\006\061\006\104\006\314}{section.5}% 19
\BOOKMARK [2][-]{subsection.5.4}{\376\377\006\052\006\110\006\047\006\050\006\071}{section.5}% 20
\BOOKMARK [2][-]{subsection.5.5}{\376\377\006\057\006\047\006\057\006\107\040\014\006\063\006\047\006\056\006\052\006\047\006\061\040\014\006\107\006\047\000\050\006\104\006\314\006\063\006\052\000\051}{section.5}% 21
\BOOKMARK [2][-]{subsection.5.6}{\376\377\006\110\006\061\006\110\006\057\006\314\006\014\000\040\006\056\006\061\006\110\006\054\006\314\006\014\000\040\006\110\000\040\006\063\006\047\006\314\006\061\000\040\006\176\006\061\006\314\006\057\006\314\006\101\006\047\006\314\006\106\006\057\000\040\006\047\006\063\006\052\006\314\006\052\006\105\006\106\006\052\040\014\006\107\006\047}{section.5}% 22
\BOOKMARK [1][-]{section.6}{\376\377\006\105\006\057\006\314\006\061\006\314\006\052\000\040\006\056\006\067\006\047}{}% 23
\BOOKMARK [1][-]{section.7}{\376\377\000T\000y\000p\000e\000C\000h\000e\000c\000k\000e\000r}{}% 24
\BOOKMARK [2][-]{subsection.7.1}{\376\377\006\105\006\055\006\314\006\067\040\014\006\047\006\054\006\061\006\047\006\314\000\040\006\052\006\047\006\314\006\176\000\040\006\206\006\251\006\061}{section.7}% 25
\BOOKMARK [2][-]{subsection.7.2}{\376\377\006\052\006\047\006\314\006\176\040\014\006\206\006\251\006\061}{section.7}% 26
\BOOKMARK [2][-]{subsection.7.3}{\376\377\006\052\006\063\006\052\040\014\006\050\006\106\006\206\000\040\006\052\006\047\006\314\006\176\040\014\006\206\006\251\006\061}{section.7}% 27
\BOOKMARK [1][-]{section.8}{\376\377\006\106\006\052\006\047\006\314\006\054\000\040\006\052\006\063\006\052\040\014\006\050\006\106\006\206\000\040\006\107\006\047}{}% 28
